<?xml version="1.0" encoding="UTF-8" ?>
<testsuite tests="1" failures="1" name="com.weather.service.WeatherServiceTest" time="0.019" errors="0" skipped="0">
  <properties>
[...]
</properties>
  <testcase classname="com.weather.service.WeatherServiceTest" name="com.weather.service.WeatherServiceTest.testWeatherServiceNotNull" time="0.019">
    <failure message="weatherService should be initialized ==&gt; expected: not &lt;null&gt;" type="org.opentest4j.AssertionFailedError">org.opentest4j.AssertionFailedError: weatherService should be initialized ==&gt; expected: not &lt;null&gt;
	at org.junit.jupiter.api.AssertionFailureBuilder.build(AssertionFailureBuilder.java:152)
	at org.junit.jupiter.api.AssertionFailureBuilder.buildAndThrow(AssertionFailureBuilder.java:132)
	at org.junit.jupiter.api.AssertNotNull.failNull(AssertNotNull.java:49)
	at org.junit.jupiter.api.AssertNotNull.assertNotNull(AssertNotNull.java:35)
	at org.junit.jupiter.api.Assertions.assertNotNull(Assertions.java:309)
	at com.weather.service.WeatherServiceTest.testWeatherServiceNotNull(WeatherServiceTest.java:25)
</failure>
  </testcase>
</testsuite>